2025/11/25 02:18:47 [error] [exception.CDbException] SQLSTATE[HY000] [2002] No connection could be made because the target machine actively refused it
2025/11/25 02:18:47 [error] [exception.CDbException] CDbException: CDbConnection failed to open the DB connection. in C:\xampp\htdocs\Quali-Life-Clinic\framework\db\CDbConnection.php:405
Stack trace:
#0 C:\xampp\htdocs\Quali-Life-Clinic\framework\db\CDbConnection.php(347): CDbConnection->open()
#1 C:\xampp\htdocs\Quali-Life-Clinic\framework\db\CDbConnection.php(325): CDbConnection->setActive(true)
#2 C:\xampp\htdocs\Quali-Life-Clinic\framework\base\CModule.php(394): CDbConnection->init()
#3 C:\xampp\htdocs\Quali-Life-Clinic\framework\base\CApplication.php(459): CModule->getComponent('db')
#4 C:\xampp\htdocs\Quali-Life-Clinic\framework\db\ar\CActiveRecord.php(639): CApplication->getDb()
#5 C:\xampp\htdocs\Quali-Life-Clinic\framework\db\ar\CActiveRecord.php(672): CActiveRecord->getDbConnection()
#6 C:\xampp\htdocs\Quali-Life-Clinic\framework\db\ar\CActiveRecord.php(1463): CActiveRecord->getCommandBuilder()
#7 C:\xampp\htdocs\Quali-Life-Clinic\protected\components\UserIdentity.php(19): CActiveRecord->find('LOWER(username)...', Array)
#8 C:\xampp\htdocs\Quali-Life-Clinic\protected\models\LoginForm.php(54): UserIdentity->authenticate()
#9 C:\xampp\htdocs\Quali-Life-Clinic\framework\validators\CInlineValidator.php(42): LoginForm->authenticate('password', Array)
#10 C:\xampp\htdocs\Quali-Life-Clinic\framework\validators\CValidator.php(201): CInlineValidator->validateAttribute(Object(LoginForm), 'password')
#11 C:\xampp\htdocs\Quali-Life-Clinic\framework\base\CModel.php(159): CValidator->validate(Object(LoginForm), Array)
#12 C:\xampp\htdocs\Quali-Life-Clinic\protected\controllers\SiteController.php(274): CModel->validate()
#13 C:\xampp\htdocs\Quali-Life-Clinic\framework\web\actions\CInlineAction.php(49): SiteController->actionLogin()
#14 C:\xampp\htdocs\Quali-Life-Clinic\framework\web\CController.php(308): CInlineAction->runWithParams(Array)
#15 C:\xampp\htdocs\Quali-Life-Clinic\framework\web\CController.php(286): CController->runAction(Object(CInlineAction))
#16 C:\xampp\htdocs\Quali-Life-Clinic\framework\web\CController.php(265): CController->runActionWithFilters(Object(CInlineAction), Array)
#17 C:\xampp\htdocs\Quali-Life-Clinic\framework\web\CWebApplication.php(282): CController->run('login')
#18 C:\xampp\htdocs\Quali-Life-Clinic\framework\web\CWebApplication.php(141): CWebApplication->runController('site/login')
#19 C:\xampp\htdocs\Quali-Life-Clinic\framework\base\CApplication.php(185): CWebApplication->processRequest()
#20 C:\xampp\htdocs\Quali-Life-Clinic\index.php(8): CApplication->run()
#21 {main}
REQUEST_URI=/index.php/site/login
HTTP_REFERER=https://emerson-glyconeogenetic-sensately.ngrok-free.dev/index.php/site/login
---
2025/11/25 02:19:10 [error] [exception.CDbException] SQLSTATE[HY000] [2002] No connection could be made because the target machine actively refused it
2025/11/25 02:19:10 [error] [exception.CDbException] CDbException: CDbConnection failed to open the DB connection. in C:\xampp\htdocs\Quali-Life-Clinic\framework\db\CDbConnection.php:405
Stack trace:
#0 C:\xampp\htdocs\Quali-Life-Clinic\framework\db\CDbConnection.php(347): CDbConnection->open()
#1 C:\xampp\htdocs\Quali-Life-Clinic\framework\db\CDbConnection.php(325): CDbConnection->setActive(true)
#2 C:\xampp\htdocs\Quali-Life-Clinic\framework\base\CModule.php(394): CDbConnection->init()
#3 C:\xampp\htdocs\Quali-Life-Clinic\framework\base\CApplication.php(459): CModule->getComponent('db')
#4 C:\xampp\htdocs\Quali-Life-Clinic\framework\db\ar\CActiveRecord.php(639): CApplication->getDb()
#5 C:\xampp\htdocs\Quali-Life-Clinic\framework\db\ar\CActiveRecord.php(672): CActiveRecord->getDbConnection()
#6 C:\xampp\htdocs\Quali-Life-Clinic\framework\db\ar\CActiveRecord.php(1463): CActiveRecord->getCommandBuilder()
#7 C:\xampp\htdocs\Quali-Life-Clinic\protected\components\UserIdentity.php(19): CActiveRecord->find('LOWER(username)...', Array)
#8 C:\xampp\htdocs\Quali-Life-Clinic\protected\models\LoginForm.php(54): UserIdentity->authenticate()
#9 C:\xampp\htdocs\Quali-Life-Clinic\framework\validators\CInlineValidator.php(42): LoginForm->authenticate('password', Array)
#10 C:\xampp\htdocs\Quali-Life-Clinic\framework\validators\CValidator.php(201): CInlineValidator->validateAttribute(Object(LoginForm), 'password')
#11 C:\xampp\htdocs\Quali-Life-Clinic\framework\base\CModel.php(159): CValidator->validate(Object(LoginForm), Array)
#12 C:\xampp\htdocs\Quali-Life-Clinic\protected\controllers\SiteController.php(274): CModel->validate()
#13 C:\xampp\htdocs\Quali-Life-Clinic\framework\web\actions\CInlineAction.php(49): SiteController->actionLogin()
#14 C:\xampp\htdocs\Quali-Life-Clinic\framework\web\CController.php(308): CInlineAction->runWithParams(Array)
#15 C:\xampp\htdocs\Quali-Life-Clinic\framework\web\CController.php(286): CController->runAction(Object(CInlineAction))
#16 C:\xampp\htdocs\Quali-Life-Clinic\framework\web\CController.php(265): CController->runActionWithFilters(Object(CInlineAction), Array)
#17 C:\xampp\htdocs\Quali-Life-Clinic\framework\web\CWebApplication.php(282): CController->run('login')
#18 C:\xampp\htdocs\Quali-Life-Clinic\framework\web\CWebApplication.php(141): CWebApplication->runController('site/login')
#19 C:\xampp\htdocs\Quali-Life-Clinic\framework\base\CApplication.php(185): CWebApplication->processRequest()
#20 C:\xampp\htdocs\Quali-Life-Clinic\index.php(8): CApplication->run()
#21 {main}
REQUEST_URI=/index.php/site/login
HTTP_REFERER=https://emerson-glyconeogenetic-sensately.ngrok-free.dev/index.php/site/login
---
